<?xml version="1.0" encoding="UTF-8" ?>
<testsuite tests="5" failures="0" name="testRunner.TestRunner" time="12.096" errors="0" skipped="0">
  <properties>
[...]
</properties>
  <testcase classname="CityBike API" name="Fetch all the networks which returns the exact location of city bikes around the world with json format" time="5.636"/>
  <testcase classname="CityBike API" name="verify that the city Frankfurt is in Germany and return the city�s corresponding latitude and longitude." time="3.014"/>
  <testcase classname="CityBike API" name="Fetch the network by valid netwrok id" time="1.681"/>
  <testcase classname="CityBike API" name="Fetch the network by invalidnetwrok id" time="0.711"/>
  <testcase classname="CityBike API" name="Validate the field filtering endpoint by id,name,href" time="1.054"/>
</testsuite>